<?xml version="1.0" encoding="UTF-8"?>
<testsuite xmlns:xsi="http://www.w3.org/2001/XMLSchema-instance" xsi:noNamespaceSchemaLocation="https://maven.apache.org/surefire/maven-surefire-plugin/xsd/surefire-test-report-3.0.xsd" version="3.0" name="TestSuite" time="21.112" tests="3" errors="0" skipped="0" failures="0">
  <properties>
[...]
</properties>
  <testcase name="Landingpage" classname="Final.landingpage" time="0.093">
    <system-err><![CDATA[SSttaarrttiingn gC hCrhormoeDmerDriivvere r90 .900..04.43404.3204. 2(44c (64d8c560d8f5080f70d8a7d46a74d697d2692e86eed8edbd7db67565505a0ead6e5d56995159-9r1ef-sr/efbsra/nbrcahn-hche-adhes/a4d4s/340430@@{{##442299}}))  oonn  ppoort r1t3 5349397
2O
nlOny llyo lcoalc acl ocnnectionos nanreec tiaolnlso waerde. 
aPllloewaesde. 
sPelee ashet tsepes :h/tt/pcsh:r/o/mcehdrroimveedrr.icvherro.mcihruomm.iourm.go/rsge/csuerciurtiyt-yc-ocnosnisdiedreartaitoinosn sf ofro rsu gsgueggsetsitoinosn s oonn  kkeeeeppiinngg  CChhrroommeeDDrriivveerr  ssaaffee..

ChromeDriver was started successfully.
ChromeDriver was started successfully.
[1627068204.329][WARNING]: This version of ChromeDriver has not been tested with Chrome version 91.
[1627068204.457][WARNING]: This version of ChromeDriver has not been tested with Chrome version 91.
Jul 23, 2021 3:23:24 PM org.openqa.selenium.remote.ProtocolHandshake createSession
INFO: Detected dialect: W3C
Jul 23, 2021 3:23:24 PM org.openqa.selenium.remote.ProtocolHandshake createSession
INFO: Detected dialect: W3C
]]></system-err>
  </testcase>
  <testcase name="Loginpage[restricteduser@test.com, 1234557](1)" classname="Final.LogInTest" time="4.394"/>
  <testcase name="Loginpage[nonrestricted@test.com, 1223424221313](2)" classname="Final.LogInTest" time="4.564"/>
</testsuite>