<?xml version="1.0" encoding="UTF-8"?>
<testng-results ignored="0" total="3" passed="3" failed="0" skipped="0">
  <reporter-output>
  </reporter-output>
  <suite started-at="2021-07-23T15:23:21 EDT" name="Suite" finished-at="2021-07-23T15:23:41 EDT" duration-ms="20588">
    <groups>
    </groups>
    <test started-at="2021-07-23T15:23:21 EDT" name="HeaderVerify" finished-at="2021-07-23T15:23:32 EDT" duration-ms="11875">
      <class name="Final.landingpage">
        <test-method is-config="true" signature="initialize()[pri:0, instance:Final.landingpage@14ec4505]" started-at="2021-07-23T15:23:21 EDT" name="initialize" finished-at="2021-07-23T15:23:32 EDT" duration-ms="11436" status="PASS">
          <reporter-output>
          </reporter-output>
        </test-method> <!-- initialize -->
        <test-method signature="Landingpage()[pri:0, instance:Final.landingpage@14ec4505]" started-at="2021-07-23T15:23:32 EDT" name="Landingpage" finished-at="2021-07-23T15:23:32 EDT" duration-ms="89" status="PASS">
          <reporter-output>
          </reporter-output>
        </test-method> <!-- Landingpage -->
        <test-method is-config="true" signature="teardown()[pri:0, instance:Final.landingpage@14ec4505]" started-at="2021-07-23T15:23:32 EDT" name="teardown" finished-at="2021-07-23T15:23:32 EDT" duration-ms="335" status="PASS">
          <reporter-output>
          </reporter-output>
        </test-method> <!-- teardown -->
      </class> <!-- Final.landingpage -->
    </test> <!-- HeaderVerify -->
    <test started-at="2021-07-23T15:23:21 EDT" name="SignIn" finished-at="2021-07-23T15:23:41 EDT" duration-ms="20588">
      <class name="Final.LogInTest">
        <test-method is-config="true" signature="initialize()[pri:0, instance:Final.LogInTest@79ad8b2f]" started-at="2021-07-23T15:23:21 EDT" name="initialize" finished-at="2021-07-23T15:23:32 EDT" duration-ms="11138" status="PASS">
          <reporter-output>
          </reporter-output>
        </test-method> <!-- initialize -->
        <test-method signature="Loginpage(java.lang.String,java.lang.String)[pri:0, instance:Final.LogInTest@79ad8b2f]" started-at="2021-07-23T15:23:32 EDT" name="Loginpage" data-provider="getData" finished-at="2021-07-23T15:23:36 EDT" duration-ms="4642" status="PASS">
          <params>
            <param index="0">
              <value>
                <![CDATA[restricteduser@test.com]]>
              </value>
            </param>
            <param index="1">
              <value>
                <![CDATA[1234557]]>
              </value>
            </param>
          </params>
          <reporter-output>
          </reporter-output>
        </test-method> <!-- Loginpage -->
        <test-method signature="Loginpage(java.lang.String,java.lang.String)[pri:0, instance:Final.LogInTest@79ad8b2f]" started-at="2021-07-23T15:23:36 EDT" name="Loginpage" data-provider="getData" finished-at="2021-07-23T15:23:41 EDT" duration-ms="4565" status="PASS">
          <params>
            <param index="0">
              <value>
                <![CDATA[nonrestricted@test.com]]>
              </value>
            </param>
            <param index="1">
              <value>
                <![CDATA[1223424221313]]>
              </value>
            </param>
          </params>
          <reporter-output>
          </reporter-output>
        </test-method> <!-- Loginpage -->
        <test-method is-config="true" signature="teardown()[pri:0, instance:Final.LogInTest@79ad8b2f]" started-at="2021-07-23T15:23:41 EDT" name="teardown" finished-at="2021-07-23T15:23:41 EDT" duration-ms="185" status="PASS">
          <reporter-output>
          </reporter-output>
        </test-method> <!-- teardown -->
      </class> <!-- Final.LogInTest -->
    </test> <!-- SignIn -->
  </suite> <!-- Suite -->
</testng-results>
