<?xml version="1.0" encoding="UTF-8"?>
<testng-results ignored="0" total="1" passed="1" failed="0" skipped="0">
  <reporter-output>
  </reporter-output>
  <suite started-at="2021-07-23T15:29:13 EDT" name="Suite" finished-at="2021-07-23T15:29:23 EDT" duration-ms="10180">
    <groups>
    </groups>
    <test started-at="2021-07-23T15:29:13 EDT" name="HeaderVerify" finished-at="2021-07-23T15:29:23 EDT" duration-ms="10180">
      <class name="Final.landingpage">
        <test-method is-config="true" signature="initialize()[pri:0, instance:Final.landingpage@60641ec8]" started-at="2021-07-23T15:29:13 EDT" name="initialize" finished-at="2021-07-23T15:29:23 EDT" duration-ms="9820" status="PASS">
          <reporter-output>
          </reporter-output>
        </test-method> <!-- initialize -->
        <test-method signature="Landingpage()[pri:0, instance:Final.landingpage@60641ec8]" started-at="2021-07-23T15:29:23 EDT" name="Landingpage" finished-at="2021-07-23T15:29:23 EDT" duration-ms="112" status="PASS">
          <reporter-output>
          </reporter-output>
        </test-method> <!-- Landingpage -->
        <test-method is-config="true" signature="teardown()[pri:0, instance:Final.landingpage@60641ec8]" started-at="2021-07-23T15:29:23 EDT" name="teardown" finished-at="2021-07-23T15:29:23 EDT" duration-ms="127" status="PASS">
          <reporter-output>
          </reporter-output>
        </test-method> <!-- teardown -->
      </class> <!-- Final.landingpage -->
    </test> <!-- HeaderVerify -->
  </suite> <!-- Suite -->
</testng-results>
